<?xml version="1.0" encoding="UTF-8"?>
<testng-results ignored="0" total="1" passed="1" failed="0" skipped="0">
  <reporter-output>
  </reporter-output>
  <suite started-at="2023-03-09T13:36:16 IST" name="Default suite" finished-at="2023-03-09T13:36:17 IST" duration-ms="93">
    <groups>
    </groups>
    <test started-at="2023-03-09T13:36:16 IST" name="Default test" finished-at="2023-03-09T13:36:17 IST" duration-ms="93">
      <class name="practice.BrowserTest">
        <test-method signature="m1()[pri:0, instance:practice.BrowserTest@619713e5]" started-at="2023-03-09T13:36:16 IST" name="m1" finished-at="2023-03-09T13:36:17 IST" duration-ms="24" status="PASS">
          <reporter-output>
          </reporter-output>
        </test-method> <!-- m1 -->
      </class> <!-- practice.BrowserTest -->
    </test> <!-- Default test -->
  </suite> <!-- Default suite -->
</testng-results>
